<?xml version='1.0' encoding='utf-8'?>
<testsuite name="com.polymath.data.RagAndMediaTest" tests="8" skipped="0" failures="0" errors="0" time="0.747">
  <testcase name="feed images stay with their own entry and channel logo is excluded" classname="com.polymath.data.RagAndMediaTest" time="0.228" />
  <testcase name="unsafe images unknown topics and duplicate document IDs reject import" classname="com.polymath.data.RagAndMediaTest" time="0.049" />
  <testcase name="Atom enclosure image is retained and audio is ignored" classname="com.polymath.data.RagAndMediaTest" time="0.024" />
  <testcase name="client rejects fabricated excerpt or stale revision and restores trusted media" classname="com.polymath.data.RagAndMediaTest" time="0.028" />
  <testcase name="production connection rejects insecure origins and credential URLs" classname="com.polymath.data.RagAndMediaTest" time="0.074" />
  <testcase name="dataset scope cannot include other datasets or unsaved public cards" classname="com.polymath.data.RagAndMediaTest" time="0.23" />
  <testcase name="imported HTML images are resolved against their own source" classname="com.polymath.data.RagAndMediaTest" time="0.047" />
  <testcase name="old recommendation events still replay after domain expansion" classname="com.polymath.data.RagAndMediaTest" time="0.066" />
  </testsuite>