<?xml version='1.0' encoding='utf-8'?>
<testsuite name="com.polymath.data.RepositoryTest" tests="13" skipped="0" failures="0" errors="0" time="1.043">
  <testcase name="stale note update is rejected" classname="com.polymath.data.RepositoryTest" time="0.084" />
  <testcase name="note mode conversion preserves revisions and FTS replaces old words" classname="com.polymath.data.RepositoryTest" time="0.076" />
  <testcase name="incorrect first attempt earns zero and successful later recall earns first credit" classname="com.polymath.data.RepositoryTest" time="0.073" />
  <testcase name="FTS syntax is treated as text rather than executable query syntax" classname="com.polymath.data.RepositoryTest" time="0.052" />
  <testcase name="undo expires after five seconds" classname="com.polymath.data.RepositoryTest" time="0.07" />
  <testcase name="duplicate recall submission cannot double award EXP" classname="com.polymath.data.RepositoryTest" time="0.076" />
  <testcase name="plan acceptance validates the idea revision" classname="com.polymath.data.RepositoryTest" time="0.08" />
  <testcase name="task dependencies and daily EXP cap are enforced inside the transaction" classname="com.polymath.data.RepositoryTest" time="0.118" />
  <testcase name="reopening reverses the award and completion cannot farm EXP" classname="com.polymath.data.RepositoryTest" time="0.105" />
  <testcase name="save updates FTS in the same transaction and removal removes the result" classname="com.polymath.data.RepositoryTest" time="0.066" />
  <testcase name="disk database retains the folio across a repository restart" classname="com.polymath.data.RepositoryTest" time="0.087" />
  <testcase name="undo cannot delete a later explicit save" classname="com.polymath.data.RepositoryTest" time="0.066" />
  <testcase name="duplicate swipe only trains once and undo creates a reversal" classname="com.polymath.data.RepositoryTest" time="0.089" />
  </testsuite>